2022-11-03 13:24:00,706 [INFO] Activator:177 - 


2022-11-03 13:24:00,709 [INFO] Activator:178 - !SESSION log4j initialized
2022-11-03 13:24:28,396 [ERROR] LogOutputStream:74 - [STDERR_REDIRECT] SLF4J: Failed to load class "org.slf4j.impl.StaticLoggerBinder".
2022-11-03 13:24:28,397 [ERROR] LogOutputStream:74 - [STDERR_REDIRECT] SLF4J: Defaulting to no-operation (NOP) logger implementation
2022-11-03 13:24:28,400 [ERROR] LogOutputStream:74 - [STDERR_REDIRECT] SLF4J: See http://www.slf4j.org/codes.html#StaticLoggerBinder for further details.
2022-11-03 13:33:51,725 [INFO] McuFinderGlobals:44 - Set McuFinder mode to 2 (CubeIDE integrated)
2022-11-03 13:33:54,242 [INFO] ApplicationProperties:181 - Using Application install path: C:\ST\STM32CubeIDE_1.10.1\STM32CubeIDE\plugins\com.st.stm32cube.common.mx_6.6.1.202207061420
2022-11-03 13:33:54,265 [INFO] DbMcusXml:77 - Set database path to: C:\ST\STM32CubeIDE_1.10.1\STM32CubeIDE\plugins\com.st.stm32cube.common.mx_6.6.1.202207061420\\db\/mcu/
2022-11-03 13:33:54,266 [INFO] ApiDb:269 - Set plugin database path to: C:\ST\STM32CubeIDE_1.10.1\STM32CubeIDE\plugins\com.st.stm32cube.common.mx_6.6.1.202207061420\\db\/plugins/boardmanager/
2022-11-03 13:33:54,268 [WARN] ApiDb:254 - Overriding images path with different value:  => C:\ST\STM32CubeIDE_1.10.1\STM32CubeIDE\plugins\com.st.stm32cube.common.mx_6.6.1.202207061420\\db\/plugins/mcufinder/images/
2022-11-03 13:33:54,289 [INFO] ApiDb:249 - Set database path to: C:\Users\DCS_LAB\.stmcufinder\plugins\mcufinder//mcu/
2022-11-03 13:33:54,291 [INFO] DbMcusAds:124 - Set database path to: C:\Users\DCS_LAB\.stmcufinder\plugins\mcufinder//mcu/
2022-11-03 13:33:54,300 [INFO] CrossReferenceDbSqlite:201 - Set database path to: C:\Users\DCS_LAB\.stmcufinder\plugins\mcufinder//mcu/cs/
2022-11-03 13:33:54,419 [INFO] RulesReader:61 - Compatibility file has been processed (282 Rules)
2022-11-03 13:33:54,521 [INFO] DbMcusXml:77 - Set database path to: C:\ST\STM32CubeIDE_1.10.1\STM32CubeIDE\plugins\com.st.stm32cube.common.mx_6.6.1.202207061420\\db\/mcu/
2022-11-03 13:33:54,522 [INFO] ApiDb:269 - Set plugin database path to: C:\ST\STM32CubeIDE_1.10.1\STM32CubeIDE\plugins\com.st.stm32cube.common.mx_6.6.1.202207061420\\db\/plugins/boardmanager/
2022-11-03 13:33:54,522 [INFO] ApiDb:256 - Set plugin images path to: C:\ST\STM32CubeIDE_1.10.1\STM32CubeIDE\plugins\com.st.stm32cube.common.mx_6.6.1.202207061420\\db\/plugins/mcufinder/images/
2022-11-03 13:33:54,522 [WARN] DbFile:40 - Overriding database path with different value: C:\Users\DCS_LAB\.stmcufinder\plugins\mcufinder/ => C:\Users\DCS_LAB\.stmcufinder\plugins\mcufinder
2022-11-03 13:33:54,522 [INFO] ApiDb:249 - Set database path to: C:\Users\DCS_LAB\.stmcufinder\plugins\mcufinder//mcu/
2022-11-03 13:33:54,523 [WARN] DbFile:40 - Overriding database path with different value: C:\Users\DCS_LAB\.stmcufinder\plugins\mcufinder/ => C:\Users\DCS_LAB\.stmcufinder\plugins\mcufinder
2022-11-03 13:33:54,523 [INFO] DbMcusAds:124 - Set database path to: C:\Users\DCS_LAB\.stmcufinder\plugins\mcufinder//mcu/
2022-11-03 13:33:54,524 [WARN] DbFile:40 - Overriding database path with different value: C:\Users\DCS_LAB\.stmcufinder\plugins\mcufinder/ => C:\Users\DCS_LAB\.stmcufinder\plugins\mcufinder
2022-11-03 13:33:54,524 [WARN] DbFile:40 - Overriding database path with different value: C:\Users\DCS_LAB\.stmcufinder\plugins\mcufinder/ => C:\Users\DCS_LAB\.stmcufinder\plugins\mcufinder
2022-11-03 13:33:54,525 [INFO] CrossReferenceDbSqlite:201 - Set database path to: C:\Users\DCS_LAB\.stmcufinder\plugins\mcufinder//mcu/cs/
2022-11-03 13:33:54,614 [INFO] MainPanel:242 - HeapMemory: 532676608
2022-11-03 13:33:54,737 [INFO] DbMcusXml:77 - Set database path to: C:\ST\STM32CubeIDE_1.10.1\STM32CubeIDE\plugins\com.st.stm32cube.common.mx_6.6.1.202207061420\\db\/mcu/
2022-11-03 13:33:54,737 [INFO] ApiDb:269 - Set plugin database path to: C:\ST\STM32CubeIDE_1.10.1\STM32CubeIDE\plugins\com.st.stm32cube.common.mx_6.6.1.202207061420\\db\/plugins/boardmanager/
2022-11-03 13:33:54,737 [INFO] ApiDb:256 - Set plugin images path to: C:\ST\STM32CubeIDE_1.10.1\STM32CubeIDE\plugins\com.st.stm32cube.common.mx_6.6.1.202207061420\\db\/plugins/mcufinder/images/
2022-11-03 13:33:54,738 [WARN] DbFile:40 - Overriding database path with different value: C:\Users\DCS_LAB\.stmcufinder\plugins\mcufinder/ => C:\Users\DCS_LAB\.stmcufinder\plugins\mcufinder
2022-11-03 13:33:54,738 [INFO] ApiDb:249 - Set database path to: C:\Users\DCS_LAB\.stmcufinder\plugins\mcufinder//mcu/
2022-11-03 13:33:54,738 [WARN] DbFile:40 - Overriding database path with different value: C:\Users\DCS_LAB\.stmcufinder\plugins\mcufinder/ => C:\Users\DCS_LAB\.stmcufinder\plugins\mcufinder
2022-11-03 13:33:54,738 [INFO] DbMcusAds:124 - Set database path to: C:\Users\DCS_LAB\.stmcufinder\plugins\mcufinder//mcu/
2022-11-03 13:33:54,739 [WARN] DbFile:40 - Overriding database path with different value: C:\Users\DCS_LAB\.stmcufinder\plugins\mcufinder/ => C:\Users\DCS_LAB\.stmcufinder\plugins\mcufinder
2022-11-03 13:33:54,739 [WARN] DbFile:40 - Overriding database path with different value: C:\Users\DCS_LAB\.stmcufinder\plugins\mcufinder/ => C:\Users\DCS_LAB\.stmcufinder\plugins\mcufinder
2022-11-03 13:33:54,739 [INFO] CrossReferenceDbSqlite:201 - Set database path to: C:\Users\DCS_LAB\.stmcufinder\plugins\mcufinder//mcu/cs/
2022-11-03 13:33:54,759 [INFO] ApplicationProperties:181 - Using Application install path: C:\ST\STM32CubeIDE_1.10.1\STM32CubeIDE\plugins\com.st.stm32cube.common.mx_6.6.1.202207061420
2022-11-03 13:33:54,761 [INFO] PluginManage:193 - Search for loadable plugins [exclusion list=, ]
2022-11-03 13:33:54,763 [INFO] PluginManage:307 - Check plugin analytics
2022-11-03 13:33:54,977 [INFO] AnalyticsPlugin:262 - Accepted Software Licenses: 
2022-11-03 13:33:54,978 [INFO] AnalyticsPlugin:264 - Accepted CMSIS Pack Licenses: 
2022-11-03 13:33:54,978 [INFO] AnalyticsPlugin:266 - Accepted Firmware Licenses: 
2022-11-03 13:33:54,986 [INFO] PluginManage:356 - Loaded plugin analytics (category:tool,tabindex:-1)
2022-11-03 13:33:54,986 [INFO] PluginManage:307 - Check plugin cadmodel
2022-11-03 13:33:54,999 [INFO] CADModel:65 - Init CAD model plugin
2022-11-03 13:33:54,999 [INFO] PluginManage:356 - Loaded plugin cadmodel (category:power,tabindex:5)
2022-11-03 13:33:55,000 [INFO] PluginManage:307 - Check plugin clock
2022-11-03 13:33:55,022 [INFO] PluginManage:356 - Loaded plugin clock (category:base,tabindex:2)
2022-11-03 13:33:55,022 [INFO] PluginManage:307 - Check plugin ddr
2022-11-03 13:33:55,026 [INFO] PluginManage:356 - Loaded plugin ddr (category:tool,tabindex:6)
2022-11-03 13:33:55,026 [INFO] PluginManage:307 - Check plugin filemanager
2022-11-03 13:33:55,183 [INFO] PluginManage:356 - Loaded plugin filemanager (category:base,tabindex:10)
2022-11-03 13:33:55,184 [INFO] PluginManage:307 - Check plugin ipmanager
2022-11-03 13:33:55,194 [INFO] PluginManage:356 - Loaded plugin ipmanager (category:base,tabindex:5)
2022-11-03 13:33:55,194 [INFO] PluginManage:307 - Check plugin lpbam
2022-11-03 13:33:55,215 [INFO] PluginManage:356 - Loaded plugin lpbam (category:base,tabindex:0)
2022-11-03 13:33:55,215 [INFO] PluginManage:307 - Check plugin pinoutandconfiguration
2022-11-03 13:33:55,233 [INFO] PluginManage:356 - Loaded plugin pinoutandconfiguration (category:base,tabindex:1)
2022-11-03 13:33:55,233 [INFO] PluginManage:307 - Check plugin pinoutconfig
2022-11-03 13:33:55,277 [INFO] PluginManage:356 - Loaded plugin pinoutconfig (category:base,tabindex:0)
2022-11-03 13:33:55,277 [INFO] PluginManage:307 - Check plugin power
2022-11-03 13:33:55,299 [INFO] PluginManage:356 - Loaded plugin power (category:power,tabindex:4)
2022-11-03 13:33:55,300 [INFO] PluginManage:307 - Check plugin projectmanager
2022-11-03 13:33:55,319 [INFO] PluginManage:356 - Loaded plugin projectmanager (category:projectmanager,tabindex:3)
2022-11-03 13:33:55,319 [INFO] PluginManage:307 - Check plugin thirdparty
2022-11-03 13:33:55,581 [WARN] IntegrityCheckThread:82 - waiting for thirdparty lock release [integrity check]
2022-11-03 13:33:55,581 [INFO] PluginManage:356 - Loaded plugin thirdparty (category:base,tabindex:-1)
2022-11-03 13:33:55,583 [INFO] IntegrityCheckThread:84 - entering critical section [integrity check]
2022-11-03 13:33:55,583 [INFO] PluginManage:307 - Check plugin tools
2022-11-03 13:33:55,586 [INFO] ThirdPartyUpdaterWithRetryManager:70 - Updater plugin not ready yet. [1/15]
2022-11-03 13:33:55,611 [INFO] PluginManage:356 - Loaded plugin tools (category:base,tabindex:7)
2022-11-03 13:33:55,611 [INFO] PluginManage:307 - Check plugin tutovideos
2022-11-03 13:33:55,852 [INFO] PluginManage:356 - Loaded plugin tutovideos (category:base,tabindex:-1)
2022-11-03 13:33:55,852 [INFO] PluginManage:307 - Check plugin updater
2022-11-03 13:33:55,871 [INFO] PluginManage:356 - Loaded plugin updater (category:base,tabindex:12)
2022-11-03 13:33:55,871 [INFO] PluginManage:280 - PluginManage : Loaded plugins [15]
2022-11-03 13:33:56,163 [INFO] PinOutPanel:1468 - setPackage(No Configuration,No Configuration)
2022-11-03 13:33:56,245 [INFO] CADModel:98 - CPN selected for project level
2022-11-03 13:33:56,274 [INFO] IPUIPlugin:79 - create IPUIPlugin
2022-11-03 13:33:56,275 [INFO] PluginManager:217 - loadIPPluginJar : add adc
2022-11-03 13:33:56,305 [INFO] IPUIPlugin:79 - create IPUIPlugin
2022-11-03 13:33:56,305 [INFO] PluginManager:217 - loadIPPluginJar : add aes
2022-11-03 13:33:56,337 [INFO] IPUIPlugin:79 - create IPUIPlugin
2022-11-03 13:33:56,337 [INFO] PluginManager:217 - loadIPPluginJar : add can
2022-11-03 13:33:56,357 [INFO] IPUIPlugin:79 - create IPUIPlugin
2022-11-03 13:33:56,357 [INFO] PluginManager:217 - loadIPPluginJar : add comp
2022-11-03 13:33:56,387 [INFO] IPUIPlugin:79 - create IPUIPlugin
2022-11-03 13:33:56,387 [INFO] PluginManager:217 - loadIPPluginJar : add cryp
2022-11-03 13:33:56,415 [INFO] IPUIPlugin:79 - create IPUIPlugin
2022-11-03 13:33:56,415 [INFO] PluginManager:217 - loadIPPluginJar : add dfsdm
2022-11-03 13:33:56,432 [INFO] IPUIPlugin:79 - create IPUIPlugin
2022-11-03 13:33:56,433 [INFO] PluginManager:217 - loadIPPluginJar : add dma
2022-11-03 13:33:56,474 [INFO] IPUIPlugin:79 - create IPUIPlugin
2022-11-03 13:33:56,474 [INFO] PluginManager:217 - loadIPPluginJar : add dma3
2022-11-03 13:33:56,493 [INFO] IPUIPlugin:79 - create IPUIPlugin
2022-11-03 13:33:56,493 [INFO] PluginManager:217 - loadIPPluginJar : add fatfs
2022-11-03 13:33:56,537 [INFO] IPUIPlugin:79 - create IPUIPlugin
2022-11-03 13:33:56,538 [INFO] PluginManager:217 - loadIPPluginJar : add fmc
2022-11-03 13:33:56,553 [INFO] IPUIPlugin:79 - create IPUIPlugin
2022-11-03 13:33:56,554 [INFO] PluginManager:217 - loadIPPluginJar : add freertos
2022-11-03 13:33:56,572 [INFO] IPUIPlugin:79 - create IPUIPlugin
2022-11-03 13:33:56,572 [INFO] PluginManager:217 - loadIPPluginJar : add genericplugin
2022-11-03 13:33:56,638 [INFO] IPUIPlugin:79 - create IPUIPlugin
2022-11-03 13:33:56,638 [INFO] PluginManager:217 - loadIPPluginJar : add gfxmmu
2022-11-03 13:33:56,738 [INFO] IPUIPlugin:79 - create IPUIPlugin
2022-11-03 13:33:56,739 [INFO] PluginManager:217 - loadIPPluginJar : add gic
2022-11-03 13:33:56,752 [INFO] IPUIPlugin:79 - create IPUIPlugin
2022-11-03 13:33:56,752 [INFO] PluginManager:217 - loadIPPluginJar : add gpio
2022-11-03 13:33:56,825 [INFO] IPUIPlugin:79 - create IPUIPlugin
2022-11-03 13:33:56,826 [INFO] PluginManager:217 - loadIPPluginJar : add gtzc
2022-11-03 13:33:56,851 [INFO] IPUIPlugin:79 - create IPUIPlugin
2022-11-03 13:33:56,852 [INFO] PluginManager:217 - loadIPPluginJar : add hash
2022-11-03 13:33:56,891 [INFO] IPUIPlugin:79 - create IPUIPlugin
2022-11-03 13:33:56,891 [INFO] PluginManager:217 - loadIPPluginJar : add i2c
2022-11-03 13:33:56,922 [INFO] IPUIPlugin:79 - create IPUIPlugin
2022-11-03 13:33:56,922 [INFO] PluginManager:217 - loadIPPluginJar : add i2s
2022-11-03 13:33:57,016 [INFO] IPUIPlugin:79 - create IPUIPlugin
2022-11-03 13:33:57,016 [INFO] PluginManager:217 - loadIPPluginJar : add ipddr
2022-11-03 13:33:57,087 [INFO] IPUIPlugin:79 - create IPUIPlugin
2022-11-03 13:33:57,087 [INFO] PluginManager:217 - loadIPPluginJar : add linkedlist
2022-11-03 13:33:57,160 [INFO] IPUIPlugin:79 - create IPUIPlugin
2022-11-03 13:33:57,161 [INFO] PluginManager:217 - loadIPPluginJar : add lorawan
2022-11-03 13:33:57,203 [INFO] IPUIPlugin:79 - create IPUIPlugin
2022-11-03 13:33:57,203 [INFO] PluginManager:217 - loadIPPluginJar : add ltdc
2022-11-03 13:33:57,218 [INFO] IPUIPlugin:79 - create IPUIPlugin
2022-11-03 13:33:57,218 [INFO] PluginManager:217 - loadIPPluginJar : add mdma
2022-11-03 13:33:57,232 [INFO] IPUIPlugin:79 - create IPUIPlugin
2022-11-03 13:33:57,232 [INFO] PluginManager:217 - loadIPPluginJar : add nvic
2022-11-03 13:33:57,268 [INFO] IPUIPlugin:79 - create IPUIPlugin
2022-11-03 13:33:57,269 [INFO] PluginManager:217 - loadIPPluginJar : add opamp
2022-11-03 13:33:57,322 [INFO] IPUIPlugin:79 - create IPUIPlugin
2022-11-03 13:33:57,322 [INFO] PluginManager:217 - loadIPPluginJar : add openamp
2022-11-03 13:33:57,356 [INFO] IPUIPlugin:79 - create IPUIPlugin
2022-11-03 13:33:57,356 [INFO] PluginManager:217 - loadIPPluginJar : add pdm2pcm
2022-11-03 13:33:57,372 [INFO] IPUIPlugin:79 - create IPUIPlugin
2022-11-03 13:33:57,375 [INFO] PluginManager:217 - loadIPPluginJar : add plateformsettings
2022-11-03 13:33:57,394 [INFO] IPUIPlugin:79 - create IPUIPlugin
2022-11-03 13:33:57,394 [INFO] PluginManager:217 - loadIPPluginJar : add quadspi
2022-11-03 13:33:57,406 [INFO] IPUIPlugin:79 - create IPUIPlugin
2022-11-03 13:33:57,406 [INFO] PluginManager:217 - loadIPPluginJar : add resmgrutility
2022-11-03 13:33:57,449 [INFO] IPUIPlugin:79 - create IPUIPlugin
2022-11-03 13:33:57,449 [INFO] PluginManager:217 - loadIPPluginJar : add sai
2022-11-03 13:33:57,479 [INFO] IPUIPlugin:79 - create IPUIPlugin
2022-11-03 13:33:57,479 [INFO] PluginManager:217 - loadIPPluginJar : add spi
2022-11-03 13:33:57,522 [INFO] IPUIPlugin:79 - create IPUIPlugin
2022-11-03 13:33:57,522 [INFO] PluginManager:217 - loadIPPluginJar : add stm32_wpan
2022-11-03 13:33:57,540 [INFO] IPUIPlugin:79 - create IPUIPlugin
2022-11-03 13:33:57,540 [INFO] PluginManager:217 - loadIPPluginJar : add tim
2022-11-03 13:33:57,584 [INFO] IPUIPlugin:79 - create IPUIPlugin
2022-11-03 13:33:57,584 [INFO] PluginManager:217 - loadIPPluginJar : add touchsensing
2022-11-03 13:33:57,601 [INFO] IPUIPlugin:79 - create IPUIPlugin
2022-11-03 13:33:57,602 [INFO] PluginManager:217 - loadIPPluginJar : add tracer_emb
2022-11-03 13:33:57,620 [INFO] IPUIPlugin:79 - create IPUIPlugin
2022-11-03 13:33:57,621 [INFO] PluginManager:217 - loadIPPluginJar : add ts
2022-11-03 13:33:57,638 [INFO] IPUIPlugin:79 - create IPUIPlugin
2022-11-03 13:33:57,638 [INFO] PluginManager:217 - loadIPPluginJar : add tsc
2022-11-03 13:33:57,656 [INFO] IPUIPlugin:79 - create IPUIPlugin
2022-11-03 13:33:57,656 [INFO] PluginManager:217 - loadIPPluginJar : add ucpd
2022-11-03 13:33:57,694 [INFO] IPUIPlugin:79 - create IPUIPlugin
2022-11-03 13:33:57,694 [INFO] PluginManager:217 - loadIPPluginJar : add usart
2022-11-03 13:33:57,734 [INFO] IPUIPlugin:79 - create IPUIPlugin
2022-11-03 13:33:57,734 [INFO] PluginManager:217 - loadIPPluginJar : add usbx
2022-11-03 13:33:58,117 [FATAL] Updater:301 - Updater called before beeing initialized
2022-11-03 13:33:58,280 [FATAL] Updater:301 - Updater called before beeing initialized
2022-11-03 13:33:58,295 [INFO] DbMcusAds:52 - JSON generation date=Thu Sep 30 14:56:37 CST 2021 (1632984997303)
2022-11-03 13:33:58,295 [FATAL] Updater:301 - Updater called before beeing initialized
2022-11-03 13:33:58,372 [WARN] DetailPanel:344 - Failed to get advertising image, set to default
2022-11-03 13:33:58,501 [FATAL] Updater:301 - Updater called before beeing initialized
2022-11-03 13:33:58,504 [FATAL] Updater:301 - Updater called before beeing initialized
2022-11-03 13:33:58,504 [FATAL] Updater:301 - Updater called before beeing initialized
2022-11-03 13:33:58,505 [WARN] DetailPanel:344 - Failed to get advertising image, set to default
2022-11-03 13:33:58,508 [FATAL] Updater:301 - Updater called before beeing initialized
2022-11-03 13:33:58,579 [ERROR] Updater:1105 - MainUpdater not yet initialized. External WinMGr cannot be set.
2022-11-03 13:33:58,588 [INFO] Updater:1041 - Updater Version found : 6.6.1
2022-11-03 13:33:58,601 [INFO] ThirdPartyUpdaterWithRetryManager:70 - Updater plugin not ready yet. [2/15]
2022-11-03 13:33:58,609 [INFO] ApplicationProperties:181 - Using Application install path: C:\ST\STM32CubeIDE_1.10.1\STM32CubeIDE\plugins\com.st.stm32cube.common.mx_6.6.1.202207061420
2022-11-03 13:33:58,782 [INFO] MainUpdater:2768 - connection check result : 10
2022-11-03 13:33:58,783 [INFO] MainUpdater:280 - Updater Check For Update Now.
2022-11-03 13:33:58,784 [INFO] MicroXplorer:481 - Change Database Version : DB.6.0.60
2022-11-03 13:33:59,023 [INFO] CheckServerUpdateThread:119 - End of CheckServer Thread
2022-11-03 13:33:59,046 [INFO] MainUpdater:2768 - connection check result : 10
2022-11-03 13:33:59,052 [INFO] MainUpdater:2768 - connection check result : 10
2022-11-03 13:33:59,204 [INFO] MicroXplorer:451 - Change Database Path : 
2022-11-03 13:33:59,204 [INFO] MicroXplorer:481 - Change Database Version : DB.6.0.60
2022-11-03 13:33:59,205 [WARN] ThirdParty:827 - waiting for thirdparty lock release [close project]
2022-11-03 13:34:01,805 [WARN] PackLoader:242 - Cannot read IP mode file for STMicroelectronics.X-CUBE-GNSS1.6.0.0
2022-11-03 13:34:01,847 [WARN] PackLoader:242 - Cannot read IP mode file for STMicroelectronics.X-CUBE-AZRTOS-F4.1.1.0
2022-11-03 13:34:01,940 [WARN] PackLoader:242 - Cannot read IP mode file for STMicroelectronics.X-CUBE-MEMS1.9.2.0
2022-11-03 13:34:02,100 [WARN] PackLoader:242 - Cannot read IP mode file for STMicroelectronics.X-CUBE-BLEMGR.1.2.0
2022-11-03 13:34:02,137 [WARN] PackLoader:242 - Cannot read IP mode file for STMicroelectronics.X-CUBE-AZRTOS-F7.1.1.0
2022-11-03 13:34:02,173 [WARN] PackLoader:242 - Cannot read IP mode file for STMicroelectronics.X-CUBE-BLE1.6.2.3
2022-11-03 13:34:02,185 [WARN] PackLoader:242 - Cannot read IP mode file for STMicroelectronics.X-CUBE-NFC4.2.0.4
2022-11-03 13:34:02,208 [WARN] PackLoader:242 - Cannot read IP mode file for STMicroelectronics.X-CUBE-TOF1.3.1.0
2022-11-03 13:34:02,244 [WARN] PackLoader:242 - Cannot read IP mode file for STMicroelectronics.X-CUBE-AZRTOS-F4.1.0.0
2022-11-03 13:34:02,260 [WARN] PackLoader:242 - Cannot read IP mode file for STMicroelectronics.X-CUBE-NFC7.1.0.0
2022-11-03 13:34:02,324 [WARN] PackLoader:242 - Cannot read IP mode file for STMicroelectronics.X-CUBE-MEMS1.9.3.0
2022-11-03 13:34:02,592 [WARN] PackLoader:242 - Cannot read IP mode file for STMicroelectronics.X-CUBE-AI.7.2.0
2022-11-03 13:34:02,641 [WARN] PackLoader:242 - Cannot read IP mode file for STMicroelectronics.X-CUBE-SFXS2LP1.4.0.0
2022-11-03 13:34:02,667 [WARN] PackLoader:242 - Cannot read IP mode file for STMicroelectronics.X-CUBE-BLE2.3.3.0
2022-11-03 13:34:02,687 [WARN] PackLoader:242 - Cannot read IP mode file for STMicroelectronics.X-CUBE-DISPLAY.2.2.0
2022-11-03 13:34:02,723 [WARN] PackLoader:242 - Cannot read IP mode file for STMicroelectronics.X-CUBE-TOF1.3.2.0
2022-11-03 13:34:02,750 [WARN] PackLoader:242 - Cannot read IP mode file for STMicroelectronics.X-CUBE-ISPU.1.0.0
2022-11-03 13:34:02,769 [WARN] PackLoader:242 - Cannot read IP mode file for RoweBots.I-CUBE-UNISONRTOS.5.5.0-4
2022-11-03 13:34:02,813 [WARN] PackLoader:242 - Cannot read IP mode file for STMicroelectronics.X-CUBE-AZRTOS-H7.2.1.0
2022-11-03 13:34:02,828 [WARN] PackLoader:242 - Cannot read IP mode file for wolfSSL.I-CUBE-wolfSSL.5.4.0
2022-11-03 13:34:02,844 [WARN] PackLoader:242 - Cannot read IP mode file for STMicroelectronics.X-CUBE-BLEMGR.1.0.0
2022-11-03 13:34:02,869 [WARN] PackLoader:242 - Cannot read IP mode file for STMicroelectronics.X-CUBE-ALGOBUILD.1.3.0
2022-11-03 13:34:02,919 [WARN] PackLoader:242 - Cannot read IP mode file for STMicroelectronics.X-CUBE-AZRTOS-G0.1.1.0
2022-11-03 13:34:02,963 [WARN] PackLoader:242 - Cannot read IP mode file for STMicroelectronics.X-CUBE-SUBG2.5.0.0
2022-11-03 13:34:03,057 [WARN] PackLoader:242 - Cannot read IP mode file for SEGGER.I-CUBE-embOS.1.2.0
2022-11-03 13:34:03,112 [WARN] PackLoader:242 - Cannot read IP mode file for STMicroelectronics.FP-ATR-ASTRA1.1.1.1
2022-11-03 13:34:03,127 [WARN] PackLoader:242 - Cannot read IP mode file for STMicroelectronics.FP-ATR-ASTRA1.1.1.0
2022-11-03 13:34:03,172 [WARN] PackLoader:242 - Cannot read IP mode file for STMicroelectronics.X-CUBE-AZRTOS-G4.1.0.0
2022-11-03 13:34:03,185 [WARN] PackLoader:242 - Cannot read IP mode file for STMicroelectronics.FP-ATR-SIGFOX1.3.2.0
2022-11-03 13:34:03,214 [WARN] PackLoader:242 - Cannot read IP mode file for STMicroelectronics.X-CUBE-AZRTOS-L4.1.0.0
2022-11-03 13:34:03,238 [WARN] PackLoader:242 - Cannot read IP mode file for emotas.I-CUBE-CANOPEN.1.1.2
2022-11-03 13:34:03,261 [WARN] PackLoader:242 - Cannot read IP mode file for STMicroelectronics.X-CUBE-TOUCHGFX.4.20.0
2022-11-03 13:34:03,290 [WARN] PackLoader:242 - Cannot read IP mode file for STMicroelectronics.X-CUBE-AZRTOS-WL.1.0.0
2022-11-03 13:34:03,310 [WARN] PackLoader:242 - Cannot read IP mode file for portGmbH.I-Cube-SoM-uGOAL.1.1.0
2022-11-03 13:34:03,331 [WARN] PackLoader:242 - Cannot read IP mode file for STMicroelectronics.X-CUBE-ALS.1.0.1
2022-11-03 13:34:03,370 [WARN] PackLoader:242 - Cannot read IP mode file for STMicroelectronics.X-CUBE-AZRTOS-L5.1.0.0
2022-11-03 13:34:03,385 [WARN] PackLoader:242 - Cannot read IP mode file for STMicroelectronics.X-CUBE-EEPRMA1.3.1.1
2022-11-03 13:34:03,386 [INFO] ThirdParty:929 - Integrity check success = true
2022-11-03 13:34:03,386 [INFO] IntegrityCheckThread:98 - exiting critical section [integrity check]
2022-11-03 13:34:03,386 [INFO] IntegrityCheckThread:101 - End integrity checks thread
2022-11-03 13:34:03,388 [INFO] ThirdParty:829 - entering critical section [close project]
2022-11-03 13:34:03,389 [INFO] ThirdParty:839 - exiting critical section [close project]
2022-11-03 13:34:03,397 [INFO] PinOutPanel:1468 - setPackage(No Configuration,No Configuration)
2022-11-03 13:34:03,404 [INFO] UtilMem:74 - Begin LoadConfig() Used Memory: 454134944 Bytes (532676608)
2022-11-03 13:34:03,405 [INFO] MicroXplorer:451 - Change Database Path : 
2022-11-03 13:34:03,405 [INFO] MicroXplorer:481 - Change Database Version : DB.6.0.60
2022-11-03 13:34:03,406 [INFO] OpenFileManager:307 - Change cursor
2022-11-03 13:34:03,508 [INFO] Mcu:1922 - Initializing MCU STM32F401C(B-C)Ux STM32F401CCUx STM32F401CCU6
2022-11-03 13:34:04,950 [INFO] Context:654 - Trying to add GPIOservice into a context  which must be forbidden
2022-11-03 13:34:05,504 [WARN] ApiManager:308 - Cannot register API 'Board Extension:GNSS1A1' from pack STMicroelectronics.X-CUBE-GNSS1.6.0.0: no header file found
2022-11-03 13:34:05,504 [WARN] ApiManager:308 - Cannot register API 'Board Support:Custom' from pack STMicroelectronics.X-CUBE-GNSS1.6.0.0: no header file found
2022-11-03 13:34:05,504 [WARN] ApiManager:308 - Cannot register API 'Data Exchange:lib_gnss' from pack STMicroelectronics.X-CUBE-GNSS1.6.0.0: no header file found
2022-11-03 13:34:05,686 [WARN] ApiManager:308 - Cannot register API 'Board Extension:IKS01A3' from pack STMicroelectronics.X-CUBE-MEMS1.9.2.0: no header file found
2022-11-03 13:34:05,686 [WARN] ApiManager:308 - Cannot register API 'Board Extension:IKS01A2' from pack STMicroelectronics.X-CUBE-MEMS1.9.2.0: no header file found
2022-11-03 13:34:05,687 [WARN] ApiManager:308 - Cannot register API 'Board Extension:IKS02A1' from pack STMicroelectronics.X-CUBE-MEMS1.9.2.0: no header file found
2022-11-03 13:34:05,696 [WARN] ApiManager:308 - Cannot register API 'Wireless:BlueNRG-MS' from pack STMicroelectronics.X-CUBE-BLE1.6.2.3: no header file found
2022-11-03 13:34:05,697 [INFO] RtosManager:488 - Registered RTOS mode: class=CMSIS, group=RTOS, mode=CMSIS_V1, owner=FREERTOS
2022-11-03 13:34:05,698 [INFO] RtosManager:488 - Registered RTOS mode: class=CMSIS, group=RTOS2, mode=CMSIS_V2, owner=FREERTOS
2022-11-03 13:34:05,698 [INFO] RtosManager:488 - Registered RTOS mode: class=RTOS, group=Core, mode=CMSIS_V1, owner=FREERTOS
2022-11-03 13:34:05,698 [INFO] RtosManager:488 - Registered RTOS mode: class=RTOS, group=Core, mode=CMSIS_V2, owner=FREERTOS
2022-11-03 13:34:05,698 [WARN] ModelIntegratedComponent:185 - Missing modes for component STMicroelectronics:FreeRTOS:0.0.1:STMicroelectronics:RTOS:FreeRTOS:Core:::10.2.0:
2022-11-03 13:34:05,707 [WARN] ApiManager:308 - Cannot register API 'Board Extension:S2868A1' from pack STMicroelectronics.X-CUBE-SUBG2.5.0.0: no header file found
2022-11-03 13:34:05,707 [WARN] ApiManager:308 - Cannot register API 'Board Extension:S2868A2' from pack STMicroelectronics.X-CUBE-SUBG2.5.0.0: no header file found
2022-11-03 13:34:05,707 [WARN] ApiManager:308 - Cannot register API 'Board Extension:S2915A1' from pack STMicroelectronics.X-CUBE-SUBG2.5.0.0: no header file found
2022-11-03 13:34:05,713 [WARN] ApiManager:308 - Cannot register API 'Board Extension:NFC04A1' from pack STMicroelectronics.X-CUBE-NFC4.2.0.4: no header file found
2022-11-03 13:34:05,714 [WARN] ModelIntegratedComponent:183 - Modes not found for component STMicroelectronics:USB_HOST:1.0.0:STMicroelectronics:USB::USB Host:Audio HS::1.0:USB_HOST_1_0_RESTRICTED_HS
2022-11-03 13:34:05,714 [WARN] ModelIntegratedComponent:189 - Modes not found for component STMicroelectronics:USB_HOST:1.0.0:STMicroelectronics:USB::USB Host:Audio HS::1.0:USB_HOST_1_0_RESTRICTED_HS
2022-11-03 13:34:05,714 [WARN] ModelIntegratedComponent:183 - Modes not found for component STMicroelectronics:USB_HOST:1.0.0:STMicroelectronics:USB::USB Host:CDC HS::1.0:USB_HOST_1_0_RESTRICTED_HS
2022-11-03 13:34:05,714 [WARN] ModelIntegratedComponent:189 - Modes not found for component STMicroelectronics:USB_HOST:1.0.0:STMicroelectronics:USB::USB Host:CDC HS::1.0:USB_HOST_1_0_RESTRICTED_HS
2022-11-03 13:34:05,714 [WARN] ModelIntegratedComponent:183 - Modes not found for component STMicroelectronics:USB_HOST:1.0.0:STMicroelectronics:USB::USB Host:MSC HS::1.0:USB_HOST_1_0_RESTRICTED_HS
2022-11-03 13:34:05,715 [WARN] ModelIntegratedComponent:189 - Modes not found for component STMicroelectronics:USB_HOST:1.0.0:STMicroelectronics:USB::USB Host:MSC HS::1.0:USB_HOST_1_0_RESTRICTED_HS
2022-11-03 13:34:05,715 [WARN] ModelIntegratedComponent:183 - Modes not found for component STMicroelectronics:USB_HOST:1.0.0:STMicroelectronics:USB::USB Host:HID HS::1.0:USB_HOST_1_0_RESTRICTED_HS
2022-11-03 13:34:05,715 [WARN] ModelIntegratedComponent:189 - Modes not found for component STMicroelectronics:USB_HOST:1.0.0:STMicroelectronics:USB::USB Host:HID HS::1.0:USB_HOST_1_0_RESTRICTED_HS
2022-11-03 13:34:05,715 [WARN] ModelIntegratedComponent:183 - Modes not found for component STMicroelectronics:USB_HOST:1.0.0:STMicroelectronics:USB::USB Host:MTP HS::1.0:USB_HOST_1_0_RESTRICTED_HS
2022-11-03 13:34:05,715 [WARN] ModelIntegratedComponent:189 - Modes not found for component STMicroelectronics:USB_HOST:1.0.0:STMicroelectronics:USB::USB Host:MTP HS::1.0:USB_HOST_1_0_RESTRICTED_HS
2022-11-03 13:34:05,722 [WARN] ModelIntegratedComponent:64 - No mode defined for component null
2022-11-03 13:34:05,722 [WARN] ModelIntegratedComponent:64 - No mode defined for component null
2022-11-03 13:34:05,722 [WARN] ModelIntegratedComponent:64 - No mode defined for component null
2022-11-03 13:34:05,722 [WARN] ModelIntegratedComponent:64 - No mode defined for component null
2022-11-03 13:34:05,723 [WARN] ModelIntegratedComponent:64 - No mode defined for component null
2022-11-03 13:34:05,723 [WARN] ModelIntegratedComponent:64 - No mode defined for component null
2022-11-03 13:34:05,723 [WARN] ModelIntegratedComponent:64 - No mode defined for component null
2022-11-03 13:34:05,723 [WARN] ModelIntegratedComponent:64 - No mode defined for component null
2022-11-03 13:34:05,723 [WARN] ModelIntegratedComponent:64 - No mode defined for component null
2022-11-03 13:34:05,723 [WARN] ModelIntegratedComponent:64 - No mode defined for component null
2022-11-03 13:34:05,723 [WARN] ModelIntegratedComponent:64 - No mode defined for component null
2022-11-03 13:34:05,723 [WARN] ModelIntegratedComponent:64 - No mode defined for component null
2022-11-03 13:34:05,723 [WARN] ModelIntegratedComponent:64 - No mode defined for component null
2022-11-03 13:34:05,723 [WARN] ModelIntegratedComponent:64 - No mode defined for component null
2022-11-03 13:34:05,723 [WARN] ModelIntegratedComponent:64 - No mode defined for component null
2022-11-03 13:34:05,724 [WARN] ModelIntegratedComponent:64 - No mode defined for component null
2022-11-03 13:34:05,724 [WARN] ModelIntegratedComponent:64 - No mode defined for component null
2022-11-03 13:34:05,724 [WARN] ModelIntegratedComponent:64 - No mode defined for component null
2022-11-03 13:34:05,724 [WARN] ModelIntegratedComponent:64 - No mode defined for component null
2022-11-03 13:34:05,724 [WARN] ModelIntegratedComponent:64 - No mode defined for component null
2022-11-03 13:34:05,724 [WARN] ModelIntegratedComponent:64 - No mode defined for component null
2022-11-03 13:34:05,724 [WARN] ModelIntegratedComponent:64 - No mode defined for component null
2022-11-03 13:34:05,724 [WARN] ModelIntegratedComponent:64 - No mode defined for component null
2022-11-03 13:34:05,724 [WARN] ModelIntegratedComponent:64 - No mode defined for component null
2022-11-03 13:34:05,724 [WARN] ModelIntegratedComponent:64 - No mode defined for component null
2022-11-03 13:34:05,724 [WARN] ModelIntegratedComponent:64 - No mode defined for component null
2022-11-03 13:34:05,725 [WARN] ModelIntegratedComponent:64 - No mode defined for component null
2022-11-03 13:34:05,725 [WARN] ModelIntegratedComponent:64 - No mode defined for component null
2022-11-03 13:34:05,725 [WARN] ModelIntegratedComponent:64 - No mode defined for component null
2022-11-03 13:34:05,725 [WARN] ModelIntegratedComponent:64 - No mode defined for component null
2022-11-03 13:34:05,725 [WARN] ModelIntegratedComponent:64 - No mode defined for component null
2022-11-03 13:34:05,725 [WARN] ModelIntegratedComponent:64 - No mode defined for component null
2022-11-03 13:34:05,725 [WARN] ModelIntegratedComponent:64 - No mode defined for component null
2022-11-03 13:34:05,727 [WARN] ApiManager:308 - Cannot register API 'Board Extension:NFC07A1' from pack STMicroelectronics.X-CUBE-NFC7.1.0.0: no header file found
2022-11-03 13:34:05,788 [WARN] ApiManager:308 - Cannot register API 'Board Extension:IKS01A3' from pack STMicroelectronics.X-CUBE-MEMS1.9.3.0: no header file found
2022-11-03 13:34:05,788 [WARN] ApiManager:308 - Cannot register API 'Board Extension:IKS01A2' from pack STMicroelectronics.X-CUBE-MEMS1.9.3.0: no header file found
2022-11-03 13:34:05,789 [WARN] ApiManager:308 - Cannot register API 'Board Extension:IKS02A1' from pack STMicroelectronics.X-CUBE-MEMS1.9.3.0: no header file found
2022-11-03 13:34:05,794 [WARN] ModelIntegratedComponent:183 - Modes not found for component STMicroelectronics:USB_DEVICE:1.0.0:STMicroelectronics:USB::USB Device:Audio HS::1.0:USB_DEVICE_1_0_RESTRICTED_HS
2022-11-03 13:34:05,794 [WARN] ModelIntegratedComponent:189 - Modes not found for component STMicroelectronics:USB_DEVICE:1.0.0:STMicroelectronics:USB::USB Device:Audio HS::1.0:USB_DEVICE_1_0_RESTRICTED_HS
2022-11-03 13:34:05,794 [WARN] ModelIntegratedComponent:183 - Modes not found for component STMicroelectronics:USB_DEVICE:1.0.0:STMicroelectronics:USB::USB Device:CDC HS::1.0:USB_DEVICE_1_0_RESTRICTED_HS
2022-11-03 13:34:05,795 [WARN] ModelIntegratedComponent:189 - Modes not found for component STMicroelectronics:USB_DEVICE:1.0.0:STMicroelectronics:USB::USB Device:CDC HS::1.0:USB_DEVICE_1_0_RESTRICTED_HS
2022-11-03 13:34:05,795 [WARN] ModelIntegratedComponent:183 - Modes not found for component STMicroelectronics:USB_DEVICE:1.0.0:STMicroelectronics:USB::USB Device:DFU HS::1.0:USB_DEVICE_1_0_RESTRICTED_HS
2022-11-03 13:34:05,795 [WARN] ModelIntegratedComponent:189 - Modes not found for component STMicroelectronics:USB_DEVICE:1.0.0:STMicroelectronics:USB::USB Device:DFU HS::1.0:USB_DEVICE_1_0_RESTRICTED_HS
2022-11-03 13:34:05,795 [WARN] ModelIntegratedComponent:183 - Modes not found for component STMicroelectronics:USB_DEVICE:1.0.0:STMicroelectronics:USB::USB Device:HID HS::1.0:USB_DEVICE_1_0_RESTRICTED_HS
2022-11-03 13:34:05,795 [WARN] ModelIntegratedComponent:189 - Modes not found for component STMicroelectronics:USB_DEVICE:1.0.0:STMicroelectronics:USB::USB Device:HID HS::1.0:USB_DEVICE_1_0_RESTRICTED_HS
2022-11-03 13:34:05,795 [WARN] ModelIntegratedComponent:183 - Modes not found for component STMicroelectronics:USB_DEVICE:1.0.0:STMicroelectronics:USB::USB Device:Custom HID HS::1.0:USB_DEVICE_1_0_RESTRICTED_HS
2022-11-03 13:34:05,795 [WARN] ModelIntegratedComponent:189 - Modes not found for component STMicroelectronics:USB_DEVICE:1.0.0:STMicroelectronics:USB::USB Device:Custom HID HS::1.0:USB_DEVICE_1_0_RESTRICTED_HS
2022-11-03 13:34:05,795 [WARN] ModelIntegratedComponent:183 - Modes not found for component STMicroelectronics:USB_DEVICE:1.0.0:STMicroelectronics:USB::USB Device:MSC HS::1.0:USB_DEVICE_1_0_RESTRICTED_HS
2022-11-03 13:34:05,795 [WARN] ModelIntegratedComponent:189 - Modes not found for component STMicroelectronics:USB_DEVICE:1.0.0:STMicroelectronics:USB::USB Device:MSC HS::1.0:USB_DEVICE_1_0_RESTRICTED_HS
2022-11-03 13:34:05,796 [WARN] ApiManager:308 - Cannot register API 'Board Extension:EEPRMA1' from pack STMicroelectronics.X-CUBE-EEPRMA1.3.1.1: no header file found
2022-11-03 13:34:05,796 [WARN] ApiManager:308 - Cannot register API 'Board Extension:EEPRMA2' from pack STMicroelectronics.X-CUBE-EEPRMA1.3.1.1: no header file found
2022-11-03 13:34:05,797 [WARN] ApiManager:308 - Cannot register API 'Board Extension:S2868A1' from pack STMicroelectronics.X-CUBE-SFXS2LP1.4.0.0: no header file found
2022-11-03 13:34:05,797 [WARN] ApiManager:308 - Cannot register API 'Board Extension:S2868A2' from pack STMicroelectronics.X-CUBE-SFXS2LP1.4.0.0: no header file found
2022-11-03 13:34:05,797 [WARN] ApiManager:308 - Cannot register API 'Board Extension:S2915A1' from pack STMicroelectronics.X-CUBE-SFXS2LP1.4.0.0: no header file found
2022-11-03 13:34:05,797 [WARN] ApiManager:308 - Cannot register API 'Wireless:BlueNRG-2' from pack STMicroelectronics.X-CUBE-BLE2.3.3.0: no header file found
2022-11-03 13:34:05,834 [INFO] ThirdPartyModel:289 - Start build external matchings
2022-11-03 13:34:06,253 [INFO] ThirdPartyModel:302 - End build external matchings
2022-11-03 13:34:06,290 [INFO] ImportTextPane:193 - (OptionalMessage_ERROR) IP (RCC) : Parameter (RTCHSEDivFreq_Value) has invalid value (12500000)
2022-11-03 13:34:06,732 [INFO] UtilMem:74 - End LoadConfig() Used Memory: 462713832 Bytes (616562688)
2022-11-03 13:34:06,892 [INFO] ApiDb:576 - Connected to CubeFinder SQLite database (C:\Users\DCS_LAB\.stmcufinder\plugins\mcufinder\mcu\cube-finder-db.db)
2022-11-03 13:34:06,954 [INFO] ApiDb:663 - CubeFinder database Data Model version=2.1
2022-11-03 13:34:06,954 [INFO] ApiDb:664 - CubeFinder database Configuration version=3.0.32
2022-11-03 13:34:06,954 [INFO] ApiDb:665 - CubeFinder database generation date=2022-08-05 (1659688109)
2022-11-03 13:34:06,954 [INFO] ApiDb:666 - CubeFinder database FW Pack versions=[STM32Cube_FW_C0_V1.0.0, STM32Cube_FW_F4_V1.27.1, STM32Cube_FW_F7_V1.17.0, STM32Cube_FW_G0_V1.6.1, STM32Cube_FW_G4_V1.5.0, STM32Cube_FW_H7_V1.10.0, STM32Cube_FW_L5_V1.4.0, STM32Cube_FW_U5_V1.1.1, STM32Cube_FW_WB_V1.14.1, STM32Cube_FW_WL_V1.2.0, X-CUBE-ALGOBUILD_V1.3.0, X-CUBE-ALS_V1.0.1, X-CUBE-AZRTOS-F4_V1.1.0, X-CUBE-AZRTOS-F7_V1.1.0, X-CUBE-AZRTOS-G0_V1.1.0, X-CUBE-AZRTOS-G4_V1.0.0, X-CUBE-AZRTOS-H7_V2.1.0, X-CUBE-AZRTOS-L4_V1.0.0, X-CUBE-AZRTOS-L5_V1.0.0, X-CUBE-AZRTOS-WL_V1.0.0, X-CUBE-BLE1_V6.2.3, X-CUBE-BLE2_V3.3.0, X-CUBE-EEPRMA1_V3.1.1, X-CUBE-GNSS1_V6.0.0, X-CUBE-MEMS1_V9.1.0, X-CUBE-MEMS1_V9.3.0, X-CUBE-NFC4_V2.0.4, X-CUBE-NFC7_V1.0.0, X-CUBE-SFXS2LP1_V4.0.0, X-CUBE-SUBG2_V5.0.0]
2022-11-03 13:34:09,766 [INFO] ApiDb:239 - Found 138 in-development CPN: [B-WB1M-WPAN1, NUCLEO-C031C6, STEVAL-STWINBX1, STM320518-EVAL, STM32C0116-DK, STM32C011D6Y3TR, STM32C011D6Y6TR, STM32C011F4P3, STM32C011F4P6, STM32C011F4U3, STM32C011F4U6TR, STM32C011F6P3, STM32C011F6P6, STM32C011F6U3, STM32C011F6U6TR, STM32C011J4M3, STM32C011J4M6, STM32C011J6M3, STM32C011J6M6, STM32C0316-DK, STM32C031C4T3, STM32C031C4T6, STM32C031C4U3, STM32C031C4U6, STM32C031C6T3, STM32C031C6T6, STM32C031C6U3, STM32C031C6U6, STM32C031F4P3, STM32C031F4P6, STM32C031F6P3, STM32C031F6P6, STM32C031G4U3, STM32C031G4U6, STM32C031G6U3, STM32C031G6U6, STM32C031K4T3, STM32C031K4T6, STM32C031K4U3, STM32C031K4U6, STM32C031K6T3, STM32C031K6T6, STM32C031K6U3, STM32C031K6U6, STM32G071K8TXN, STM32G071K8UXN, STM32G081GBU6N, STM32G081KBT6N, STM32G081KBUXN, STM32G0B1CCT6N, STM32G0B1KCT6, STM32G0B1NEY6TR, STM32G0B1RCT6N, STM32G0C1CCT6, STM32G0C1CCT6N, STM32G0C1CCU6N, STM32G0C1CET6N, STM32G0C1CEU6N, STM32G0C1KCT6, STM32G0C1NEY6TR, STM32G0C1RCI6N, STM32G0C1RCT6N, STM32G0C1REI6N, STM32G0C1RET6N, STM32G0C1VCI6, STM32G0C1VEI6, STM32G471CCT6, STM32G471CCU6, STM32G471CET3, STM32G471CET6, STM32G471CEU3, STM32G471CEU6, STM32G471MCT6, STM32G471MET3, STM32G471MET6, STM32G471MEY6TR, STM32G471QCT6, STM32G471QET3, STM32G471RCT6, STM32G471RET3, STM32G471RET6, STM32G471VCH6, STM32G471VCI6, STM32G471VCT6, STM32G471VEH3, STM32G471VEH6, STM32G471VEI3, STM32G471VEI6, STM32G471VET3, STM32G471VET6, STM32G474CCT6, STM32L476VGY6PTR, STM32L4R5QGI6STR, STM32MP131AAE3, STM32MP131AAF3, STM32MP131AAG3, STM32MP131CAE3, STM32MP131CAF3, STM32MP131CAG3, STM32MP131DAE7, STM32MP131DAF7, STM32MP131DAG7, STM32MP131FAE7, STM32MP131FAF7, STM32MP131FAG7, STM32MP133AAE3, STM32MP133AAF3, STM32MP133AAG3, STM32MP133CAE3, STM32MP133CAF3, STM32MP133CAG3, STM32MP133DAE7, STM32MP133DAF7, STM32MP133DAG7, STM32MP133FAE7, STM32MP133FAF7, STM32MP133FAG7, STM32MP135AAE3, STM32MP135AAF3, STM32MP135AAG3, STM32MP135CAE3, STM32MP135CAF3, STM32MP135CAG3, STM32MP135DAE7, STM32MP135DAF7, STM32MP135DAG7, STM32MP135F-DK, STM32MP135FAE7, STM32MP135FAF7, STM32MP135FAG7, STM32U595ZJT6Q, STM32U599BJY6QTR, STM32U599NIH6Q, STM32U599NJH6Q, STM32U5A5ZJT6Q, STM32U5A9BJY6QTR, STM32U5A9NJH6Q, STM32WB1MMCH6]
2022-11-03 13:34:09,769 [INFO] DbMcus:215 - Found 3542 MCUs, 3542 are supported
2022-11-03 13:34:09,772 [INFO] ApiDb:418 - Load user favorites file C:\Users\DCS_LAB/.stm32cubeide/favorites.mcus.txt: 0 item(s)
2022-11-03 13:34:09,772 [INFO] ApiDb:422 - User favorites MCUs=[]
2022-11-03 13:34:09,772 [INFO] DbMcus:221 - Set 0 / 0 favorites MCUs
2022-11-03 13:34:09,798 [WARN] ThirdParty:789 - waiting for thirdparty lock release [change project]
2022-11-03 13:34:09,798 [INFO] ThirdParty:791 - entering critical section [change project]
2022-11-03 13:34:09,799 [INFO] ThirdParty:981 - CMSIS Pack Vendor :RoweBots I-CUBE-UNISONRTOS 5.5.0-4
2022-11-03 13:34:09,799 [INFO] ThirdParty:981 - CMSIS Pack Vendor :STMicroelectronics X-CUBE-GNSS1 6.0.0
2022-11-03 13:34:09,799 [INFO] ThirdParty:981 - CMSIS Pack Vendor :STMicroelectronics X-CUBE-AZRTOS-H7 2.1.0
2022-11-03 13:34:09,799 [INFO] ThirdParty:981 - CMSIS Pack Vendor :STMicroelectronics USB_HOST 2.0.0
2022-11-03 13:34:09,799 [INFO] ThirdParty:981 - CMSIS Pack Vendor :STMicroelectronics X-CUBE-AZRTOS-F4 1.1.0
2022-11-03 13:34:09,799 [INFO] ThirdParty:981 - CMSIS Pack Vendor :STMicroelectronics LIBJPEG 8.0.0
2022-11-03 13:34:09,799 [INFO] ThirdParty:981 - CMSIS Pack Vendor :wolfSSL I-CUBE-wolfSSL 5.4.0
2022-11-03 13:34:09,799 [INFO] ThirdParty:981 - CMSIS Pack Vendor :STMicroelectronics USB_DEVICE 3.0.0
2022-11-03 13:34:09,799 [INFO] ThirdParty:981 - CMSIS Pack Vendor :STMicroelectronics X-CUBE-BLEMGR 1.0.0
2022-11-03 13:34:09,800 [INFO] ThirdParty:981 - CMSIS Pack Vendor :STMicroelectronics X-CUBE-MEMS1 9.2.0
2022-11-03 13:34:09,800 [INFO] ThirdParty:981 - CMSIS Pack Vendor :STMicroelectronics X-CUBE-BLEMGR 1.2.0
2022-11-03 13:34:09,800 [INFO] ThirdParty:981 - CMSIS Pack Vendor :STMicroelectronics X-CUBE-AZRTOS-F7 1.1.0
2022-11-03 13:34:09,800 [INFO] ThirdParty:981 - CMSIS Pack Vendor :STMicroelectronics USB_DEVICE 2.0.0
2022-11-03 13:34:09,800 [INFO] ThirdParty:981 - CMSIS Pack Vendor :STMicroelectronics X-CUBE-BLE1 6.2.3
2022-11-03 13:34:09,800 [INFO] ThirdParty:981 - CMSIS Pack Vendor :STMicroelectronics X-CUBE-ALGOBUILD 1.3.0
2022-11-03 13:34:09,800 [INFO] ThirdParty:981 - CMSIS Pack Vendor :STMicroelectronics FreeRTOS 0.0.1
2022-11-03 13:34:09,800 [INFO] ThirdParty:981 - CMSIS Pack Vendor :STMicroelectronics X-CUBE-AZRTOS-G0 1.1.0
2022-11-03 13:34:09,800 [INFO] ThirdParty:981 - CMSIS Pack Vendor :STMicroelectronics X-CUBE-SUBG2 5.0.0
2022-11-03 13:34:09,800 [INFO] ThirdParty:981 - CMSIS Pack Vendor :SEGGER I-CUBE-embOS 1.2.0
2022-11-03 13:34:09,800 [INFO] ThirdParty:981 - CMSIS Pack Vendor :STMicroelectronics STM32_WPAN 1.0.0
2022-11-03 13:34:09,800 [INFO] ThirdParty:981 - CMSIS Pack Vendor :STMicroelectronics lwIP 2.0.3
2022-11-03 13:34:09,800 [INFO] ThirdParty:981 - CMSIS Pack Vendor :STMicroelectronics X-CUBE-NFC4 2.0.4
2022-11-03 13:34:09,801 [INFO] ThirdParty:981 - CMSIS Pack Vendor :STMicroelectronics USB_HOST 1.0.0
2022-11-03 13:34:09,801 [INFO] ThirdParty:981 - CMSIS Pack Vendor :STMicroelectronics PDM2PCM 3.1.0
2022-11-03 13:34:09,801 [INFO] ThirdParty:981 - CMSIS Pack Vendor :STMicroelectronics FP-ATR-ASTRA1 1.1.1
2022-11-03 13:34:09,801 [INFO] ThirdParty:981 - CMSIS Pack Vendor :STMicroelectronics PDM2PCM 3.3.0
2022-11-03 13:34:09,801 [INFO] ThirdParty:981 - CMSIS Pack Vendor :STMicroelectronics X-CUBE-TOF1 3.1.0
2022-11-03 13:34:09,801 [INFO] ThirdParty:981 - CMSIS Pack Vendor :STMicroelectronics FP-ATR-ASTRA1 1.1.0
2022-11-03 13:34:09,801 [INFO] ThirdParty:981 - CMSIS Pack Vendor :STMicroelectronics X-CUBE-AZRTOS-F4 1.0.0
2022-11-03 13:34:09,801 [INFO] ThirdParty:981 - CMSIS Pack Vendor :STMicroelectronics X-CUBE-AZRTOS-G4 1.0.0
2022-11-03 13:34:09,801 [INFO] ThirdParty:981 - CMSIS Pack Vendor :STMicroelectronics FP-ATR-SIGFOX1 3.2.0
2022-11-03 13:34:09,801 [INFO] ThirdParty:981 - CMSIS Pack Vendor :STMicroelectronics X-CUBE-AZRTOS-L4 1.0.0
2022-11-03 13:34:09,801 [INFO] ThirdParty:981 - CMSIS Pack Vendor :STMicroelectronics HAL Drivers 0.0.0
2022-11-03 13:34:09,801 [INFO] ThirdParty:981 - CMSIS Pack Vendor :STMicroelectronics MBEDTLS 2.16.2
2022-11-03 13:34:09,801 [INFO] ThirdParty:981 - CMSIS Pack Vendor :emotas I-CUBE-CANOPEN 1.1.2
2022-11-03 13:34:09,802 [INFO] ThirdParty:981 - CMSIS Pack Vendor :STMicroelectronics X-CUBE-TOUCHGFX 4.20.0
2022-11-03 13:34:09,802 [INFO] ThirdParty:981 - CMSIS Pack Vendor :STMicroelectronics MBEDTLS 2.14.1
2022-11-03 13:34:09,802 [INFO] ThirdParty:981 - CMSIS Pack Vendor :STMicroelectronics X-CUBE-NFC7 1.0.0
2022-11-03 13:34:09,802 [INFO] ThirdParty:981 - CMSIS Pack Vendor :STMicroelectronics X-CUBE-AZRTOS-WL 1.0.0
2022-11-03 13:34:09,802 [INFO] ThirdParty:981 - CMSIS Pack Vendor :STMicroelectronics X-CUBE-MEMS1 9.3.0
2022-11-03 13:34:09,802 [INFO] ThirdParty:981 - CMSIS Pack Vendor :portGmbH I-Cube-SoM-uGOAL 1.1.0
2022-11-03 13:34:09,802 [INFO] ThirdParty:981 - CMSIS Pack Vendor :STMicroelectronics X-CUBE-ALS 1.0.1
2022-11-03 13:34:09,802 [INFO] ThirdParty:981 - CMSIS Pack Vendor :STMicroelectronics X-CUBE-AI 7.2.0
2022-11-03 13:34:09,802 [INFO] ThirdParty:981 - CMSIS Pack Vendor :STMicroelectronics ThreadX 1.0.0
2022-11-03 13:34:09,802 [INFO] ThirdParty:981 - CMSIS Pack Vendor :STMicroelectronics X-CUBE-AZRTOS-L5 1.0.0
2022-11-03 13:34:09,802 [INFO] ThirdParty:981 - CMSIS Pack Vendor :STMicroelectronics USB_DEVICE 1.0.0
2022-11-03 13:34:09,803 [INFO] ThirdParty:981 - CMSIS Pack Vendor :STMicroelectronics X-CUBE-EEPRMA1 3.1.1
2022-11-03 13:34:09,803 [INFO] ThirdParty:981 - CMSIS Pack Vendor :STMicroelectronics ThreadX 0.0.2
2022-11-03 13:34:09,803 [INFO] ThirdParty:981 - CMSIS Pack Vendor :STMicroelectronics lwIP 2.1.2
2022-11-03 13:34:09,803 [INFO] ThirdParty:981 - CMSIS Pack Vendor :STMicroelectronics X-CUBE-SFXS2LP1 4.0.0
2022-11-03 13:34:09,803 [INFO] ThirdParty:981 - CMSIS Pack Vendor :STMicroelectronics X-CUBE-BLE2 3.3.0
2022-11-03 13:34:09,803 [INFO] ThirdParty:981 - CMSIS Pack Vendor :STMicroelectronics X-CUBE-DISPLAY 2.2.0
2022-11-03 13:34:09,803 [INFO] ThirdParty:981 - CMSIS Pack Vendor :STMicroelectronics X-CUBE-TOF1 3.2.0
2022-11-03 13:34:09,803 [INFO] ThirdParty:981 - CMSIS Pack Vendor :STMicroelectronics PDM2PCM 3.2.0
2022-11-03 13:34:09,803 [INFO] ThirdParty:981 - CMSIS Pack Vendor :STMicroelectronics X-CUBE-ISPU 1.0.0
2022-11-03 13:34:09,803 [INFO] ThirdParty:797 - exiting critical section [change project]
2022-11-03 13:34:10,265 [INFO] PinOutPanel:1468 - setPackage(No Configuration,No Configuration)
2022-11-03 13:34:10,267 [INFO] PinOutPanel:1468 - setPackage(STM32F401CCUx,UFQFPN48)
2022-11-03 13:34:11,508 [INFO] UtilMem:74 - Before build in PCC Used Memory: 452821456 Bytes (616562688)
2022-11-03 13:34:12,753 [INFO] UtilMem:74 - After build in PCC Used Memory: 478762304 Bytes (616562688)
2022-11-03 13:34:12,998 [INFO] ApiDbMcu:505 - Load IP Config File for USB_DEVICE
2022-11-03 13:34:13,088 [INFO] IPUIPlugin:79 - create IPUIPlugin
2022-11-03 13:34:13,089 [INFO] IPUIPlugin:79 - create IPUIPlugin
2022-11-03 13:34:13,089 [INFO] IPUIPlugin:79 - create IPUIPlugin
2022-11-03 13:34:13,089 [INFO] IPUIPlugin:79 - create IPUIPlugin
2022-11-03 13:34:13,089 [INFO] IPUIPlugin:79 - create IPUIPlugin
2022-11-03 13:34:13,089 [INFO] IPUIPlugin:79 - create IPUIPlugin
2022-11-03 13:34:13,089 [INFO] IPUIPlugin:79 - create IPUIPlugin
2022-11-03 13:34:13,112 [INFO] IPUIPlugin:79 - create IPUIPlugin
2022-11-03 13:34:13,112 [INFO] IPUIPlugin:79 - create IPUIPlugin
2022-11-03 13:34:13,112 [INFO] IPUIPlugin:79 - create IPUIPlugin
2022-11-03 13:34:13,112 [INFO] IPUIPlugin:79 - create IPUIPlugin
2022-11-03 13:34:13,112 [INFO] IPUIPlugin:79 - create IPUIPlugin
2022-11-03 13:34:13,113 [INFO] IPUIPlugin:79 - create IPUIPlugin
2022-11-03 13:34:13,113 [INFO] IPUIPlugin:79 - create IPUIPlugin
2022-11-03 13:34:13,113 [INFO] IPUIPlugin:79 - create IPUIPlugin
2022-11-03 13:34:13,113 [INFO] IPUIPlugin:79 - create IPUIPlugin
2022-11-03 13:34:13,113 [INFO] IPUIPlugin:79 - create IPUIPlugin
2022-11-03 13:34:13,114 [INFO] IPUIPlugin:79 - create IPUIPlugin
2022-11-03 13:34:13,114 [INFO] IPUIPlugin:79 - create IPUIPlugin
2022-11-03 13:34:13,114 [INFO] IPUIPlugin:79 - create IPUIPlugin
2022-11-03 13:34:13,114 [INFO] IPUIPlugin:79 - create IPUIPlugin
2022-11-03 13:34:13,114 [INFO] IPUIPlugin:79 - create IPUIPlugin
2022-11-03 13:34:13,115 [INFO] IPUIPlugin:79 - create IPUIPlugin
2022-11-03 13:34:13,115 [INFO] IPUIPlugin:79 - create IPUIPlugin
2022-11-03 13:34:13,115 [INFO] IPUIPlugin:79 - create IPUIPlugin
2022-11-03 13:34:13,115 [INFO] IPUIPlugin:79 - create IPUIPlugin
2022-11-03 13:34:13,115 [INFO] IPUIPlugin:79 - create IPUIPlugin
2022-11-03 13:34:13,115 [INFO] IPUIPlugin:79 - create IPUIPlugin
2022-11-03 13:34:13,116 [INFO] IPUIPlugin:79 - create IPUIPlugin
2022-11-03 13:34:13,116 [INFO] IPUIPlugin:79 - create IPUIPlugin
2022-11-03 13:34:13,116 [INFO] IPUIPlugin:79 - create IPUIPlugin
2022-11-03 13:34:13,116 [INFO] IPUIPlugin:79 - create IPUIPlugin
2022-11-03 13:34:13,117 [INFO] IPUIPlugin:79 - create IPUIPlugin
2022-11-03 13:34:13,117 [INFO] IPUIPlugin:79 - create IPUIPlugin
2022-11-03 13:34:13,117 [INFO] IPUIPlugin:79 - create IPUIPlugin
2022-11-03 13:34:13,117 [INFO] IPUIPlugin:79 - create IPUIPlugin
2022-11-03 13:34:13,118 [INFO] IPUIPlugin:79 - create IPUIPlugin
2022-11-03 13:34:13,163 [INFO] ApiDbMcu:505 - Load IP Config File for PDM2PCM
2022-11-03 13:34:13,186 [WARN] IP:2111 - I2C_Coeff_DF not found: check if there is a RefParameter without a condition.
2022-11-03 13:34:13,186 [WARN] IP:2111 - Analog_Filter not found: check if there is a RefParameter without a condition.
2022-11-03 13:34:13,640 [INFO] OpenFileManager:327 - Restore cursor
2022-11-03 13:34:13,829 [WARN] IP:2111 - I2C_Coeff_DF not found: check if there is a RefParameter without a condition.
2022-11-03 13:34:13,829 [WARN] IP:2111 - Analog_Filter not found: check if there is a RefParameter without a condition.
2022-11-03 13:34:13,830 [WARN] IP:2111 - I2C_Coeff_DF not found: check if there is a RefParameter without a condition.
2022-11-03 13:34:13,830 [WARN] IP:2111 - Analog_Filter not found: check if there is a RefParameter without a condition.
2022-11-03 13:34:25,238 [INFO] NvicIntPanel:100 - NVIC parent = com.st.microxplorer.plugins.ip.nvic.MultiNvicIntPanel[,0,0,544x285,layout=javax.swing.BoxLayout,alignmentX=0.0,alignmentY=0.0,border=,flags=9,maximumSize=,minimumSize=,preferredSize=]
2022-11-03 13:35:22,188 [INFO] NvicIntPanel:100 - NVIC parent = com.st.microxplorer.plugins.ip.nvic.MultiNvicIntPanel[,0,0,0x0,invalid,layout=javax.swing.BoxLayout,alignmentX=0.0,alignmentY=0.0,border=,flags=9,maximumSize=,minimumSize=,preferredSize=]
2022-11-03 13:38:00,190 [INFO] UtilMem:74 - End SaveConfig() Used Memory: 210504616 Bytes (616562688)
2022-11-03 13:38:02,259 [INFO] UtilMem:74 - End SaveConfig() Used Memory: 228184864 Bytes (616562688)
2022-11-03 13:38:05,970 [INFO] UtilMem:74 - End SaveConfig() Used Memory: 321362632 Bytes (616562688)
2022-11-03 13:38:06,607 [INFO] BlockDiagram:2753 - set Specific Code input for plugin: SPI
2022-11-03 13:38:06,607 [INFO] BlockDiagram:2753 - set Specific Code input for plugin: USB_OTG_FS
2022-11-03 13:38:06,608 [INFO] BlockDiagram:2753 - set Specific Code input for plugin: NVIC
2022-11-03 13:38:06,608 [INFO] BlockDiagram:2753 - set Specific Code input for plugin: USART
2022-11-03 13:38:06,608 [INFO] BlockDiagram:2753 - set Specific Code input for plugin: TIM1_8
2022-11-03 13:38:06,610 [INFO] BlockDiagram:2753 - set Specific Code input for plugin: USB_DEVICE
2022-11-03 13:38:06,611 [INFO] BlockDiagram:2753 - set Specific Code input for plugin: SYS
2022-11-03 13:38:06,612 [INFO] BlockDiagram:2753 - set Specific Code input for plugin: GPIO
2022-11-03 13:38:06,612 [INFO] BlockDiagram:2753 - set Specific Code input for plugin: ADC
2022-11-03 13:38:06,612 [INFO] BlockDiagram:2753 - set Specific Code input for plugin: RCC
2022-11-03 13:38:06,612 [INFO] BlockDiagram:2753 - set Specific Code input for plugin: I2C
2022-11-03 13:38:06,613 [INFO] CodeGenerator:690 - code generatio: config db path: C:\ST\STM32CubeIDE_1.10.1\STM32CubeIDE\plugins\com.st.stm32cube.common.mx_6.6.1.202207061420\\db\
2022-11-03 13:38:06,628 [WARN] IP:2111 - I2C_Coeff_DF not found: check if there is a RefParameter without a condition.
2022-11-03 13:38:06,628 [WARN] IP:2111 - Analog_Filter not found: check if there is a RefParameter without a condition.
2022-11-03 13:38:07,060 [INFO] CodeEngine:245 - oldGeneratedFile, E:\stm32\STM32IDE_FreeRTOS_workspace\ex01_using_SEGGER_trace\MXTmpFiles\license.tmp_save
2022-11-03 13:38:07,434 [INFO] CodeEngine:269 - Generated code: E:\stm32\STM32IDE_FreeRTOS_workspace\ex01_using_SEGGER_trace\MXTmpFiles\license.tmp
2022-11-03 13:38:07,525 [INFO] CodeEngine:245 - oldGeneratedFile, E:\stm32\STM32IDE_FreeRTOS_workspace\ex01_using_SEGGER_trace\Core\Src\gpio.c_save
2022-11-03 13:38:07,684 [INFO] CodeEngine:269 - Generated code: E:\stm32\STM32IDE_FreeRTOS_workspace\ex01_using_SEGGER_trace\Core\Src\gpio.c
2022-11-03 13:38:07,694 [INFO] CodeEngine:245 - oldGeneratedFile, E:\stm32\STM32IDE_FreeRTOS_workspace\ex01_using_SEGGER_trace\Core\Inc\gpio.h_save
2022-11-03 13:38:07,799 [INFO] CodeEngine:269 - Generated code: E:\stm32\STM32IDE_FreeRTOS_workspace\ex01_using_SEGGER_trace\Core\Inc\gpio.h
2022-11-03 13:38:07,882 [WARN] IPConfigManager:2910 - Warning: the RefConfig PWREx_EnableUSBVoltageDetector is not available in your config.xml file
2022-11-03 13:38:07,903 [INFO] CodeEngine:245 - oldGeneratedFile, E:\stm32\STM32IDE_FreeRTOS_workspace\ex01_using_SEGGER_trace\MXTmpFiles\usb_otg_fs_vars.tmp_save
2022-11-03 13:38:08,007 [INFO] CodeEngine:269 - Generated code: E:\stm32\STM32IDE_FreeRTOS_workspace\ex01_using_SEGGER_trace\MXTmpFiles\usb_otg_fs_vars.tmp
2022-11-03 13:38:08,016 [INFO] CodeEngine:245 - oldGeneratedFile, E:\stm32\STM32IDE_FreeRTOS_workspace\ex01_using_SEGGER_trace\MXTmpFiles\usb_otg_fs_inc.tmp_save
2022-11-03 13:38:08,098 [INFO] CodeEngine:269 - Generated code: E:\stm32\STM32IDE_FreeRTOS_workspace\ex01_using_SEGGER_trace\MXTmpFiles\usb_otg_fs_inc.tmp
2022-11-03 13:38:08,116 [INFO] CodeEngine:245 - oldGeneratedFile, E:\stm32\STM32IDE_FreeRTOS_workspace\ex01_using_SEGGER_trace\MXTmpFiles\usb_otg_fs_HalInit.tmp_save
2022-11-03 13:38:08,243 [INFO] CodeEngine:269 - Generated code: E:\stm32\STM32IDE_FreeRTOS_workspace\ex01_using_SEGGER_trace\MXTmpFiles\usb_otg_fs_HalInit.tmp
2022-11-03 13:38:08,254 [INFO] CodeEngine:245 - oldGeneratedFile, E:\stm32\STM32IDE_FreeRTOS_workspace\ex01_using_SEGGER_trace\MXTmpFiles\usb_otg_fs_Msp.tmp_save
2022-11-03 13:38:08,376 [INFO] CodeEngine:269 - Generated code: E:\stm32\STM32IDE_FreeRTOS_workspace\ex01_using_SEGGER_trace\MXTmpFiles\usb_otg_fs_Msp.tmp
2022-11-03 13:38:08,819 [INFO] Middleware:1435 - No code input for Bsp Dependency
2022-11-03 13:38:08,851 [INFO] CodeEngine:245 - oldGeneratedFile, E:\stm32\STM32IDE_FreeRTOS_workspace\ex01_using_SEGGER_trace\Core\Src\adc.c_save
2022-11-03 13:38:08,994 [INFO] CodeEngine:269 - Generated code: E:\stm32\STM32IDE_FreeRTOS_workspace\ex01_using_SEGGER_trace\Core\Src\adc.c
2022-11-03 13:38:09,005 [INFO] CodeEngine:245 - oldGeneratedFile, E:\stm32\STM32IDE_FreeRTOS_workspace\ex01_using_SEGGER_trace\Core\Inc\adc.h_save
2022-11-03 13:38:09,101 [INFO] CodeEngine:269 - Generated code: E:\stm32\STM32IDE_FreeRTOS_workspace\ex01_using_SEGGER_trace\Core\Inc\adc.h
2022-11-03 13:38:09,117 [INFO] CodeEngine:245 - oldGeneratedFile, E:\stm32\STM32IDE_FreeRTOS_workspace\ex01_using_SEGGER_trace\Core\Src\i2c.c_save
2022-11-03 13:38:09,245 [INFO] CodeEngine:269 - Generated code: E:\stm32\STM32IDE_FreeRTOS_workspace\ex01_using_SEGGER_trace\Core\Src\i2c.c
2022-11-03 13:38:09,250 [INFO] CodeEngine:245 - oldGeneratedFile, E:\stm32\STM32IDE_FreeRTOS_workspace\ex01_using_SEGGER_trace\Core\Inc\i2c.h_save
2022-11-03 13:38:09,338 [INFO] CodeEngine:269 - Generated code: E:\stm32\STM32IDE_FreeRTOS_workspace\ex01_using_SEGGER_trace\Core\Inc\i2c.h
2022-11-03 13:38:09,353 [INFO] CodeEngine:245 - oldGeneratedFile, E:\stm32\STM32IDE_FreeRTOS_workspace\ex01_using_SEGGER_trace\Core\Src\spi.c_save
2022-11-03 13:38:09,481 [INFO] CodeEngine:269 - Generated code: E:\stm32\STM32IDE_FreeRTOS_workspace\ex01_using_SEGGER_trace\Core\Src\spi.c
2022-11-03 13:38:09,490 [INFO] CodeEngine:245 - oldGeneratedFile, E:\stm32\STM32IDE_FreeRTOS_workspace\ex01_using_SEGGER_trace\Core\Inc\spi.h_save
2022-11-03 13:38:09,578 [INFO] CodeEngine:269 - Generated code: E:\stm32\STM32IDE_FreeRTOS_workspace\ex01_using_SEGGER_trace\Core\Inc\spi.h
2022-11-03 13:38:09,592 [INFO] CodeEngine:245 - oldGeneratedFile, E:\stm32\STM32IDE_FreeRTOS_workspace\ex01_using_SEGGER_trace\Core\Src\tim.c_save
2022-11-03 13:38:09,724 [INFO] CodeEngine:269 - Generated code: E:\stm32\STM32IDE_FreeRTOS_workspace\ex01_using_SEGGER_trace\Core\Src\tim.c
2022-11-03 13:38:09,729 [INFO] CodeEngine:245 - oldGeneratedFile, E:\stm32\STM32IDE_FreeRTOS_workspace\ex01_using_SEGGER_trace\Core\Inc\tim.h_save
2022-11-03 13:38:09,809 [INFO] CodeEngine:269 - Generated code: E:\stm32\STM32IDE_FreeRTOS_workspace\ex01_using_SEGGER_trace\Core\Inc\tim.h
2022-11-03 13:38:09,823 [INFO] CodeEngine:245 - oldGeneratedFile, E:\stm32\STM32IDE_FreeRTOS_workspace\ex01_using_SEGGER_trace\Core\Src\usart.c_save
2022-11-03 13:38:09,933 [INFO] CodeEngine:269 - Generated code: E:\stm32\STM32IDE_FreeRTOS_workspace\ex01_using_SEGGER_trace\Core\Src\usart.c
2022-11-03 13:38:09,937 [INFO] CodeEngine:245 - oldGeneratedFile, E:\stm32\STM32IDE_FreeRTOS_workspace\ex01_using_SEGGER_trace\Core\Inc\usart.h_save
2022-11-03 13:38:10,017 [INFO] CodeEngine:269 - Generated code: E:\stm32\STM32IDE_FreeRTOS_workspace\ex01_using_SEGGER_trace\Core\Inc\usart.h
2022-11-03 13:38:10,045 [INFO] Middleware:1435 - No code input for Bsp Dependency
2022-11-03 13:38:10,071 [INFO] CodeEngine:245 - oldGeneratedFile, E:\stm32\STM32IDE_FreeRTOS_workspace\ex01_using_SEGGER_trace\USB_DEVICE\App\usb_device.c_save
2022-11-03 13:38:10,164 [INFO] CodeEngine:269 - Generated code: E:\stm32\STM32IDE_FreeRTOS_workspace\ex01_using_SEGGER_trace\USB_DEVICE\App\usb_device.c
2022-11-03 13:38:10,173 [INFO] CodeEngine:245 - oldGeneratedFile, E:\stm32\STM32IDE_FreeRTOS_workspace\ex01_using_SEGGER_trace\USB_DEVICE\App\usb_device.h_save
2022-11-03 13:38:10,245 [INFO] CodeEngine:269 - Generated code: E:\stm32\STM32IDE_FreeRTOS_workspace\ex01_using_SEGGER_trace\USB_DEVICE\App\usb_device.h
2022-11-03 13:38:10,255 [INFO] CodeEngine:245 - oldGeneratedFile, E:\stm32\STM32IDE_FreeRTOS_workspace\ex01_using_SEGGER_trace\USB_DEVICE\Target\usbd_conf.h_save
2022-11-03 13:38:10,351 [INFO] CodeEngine:269 - Generated code: E:\stm32\STM32IDE_FreeRTOS_workspace\ex01_using_SEGGER_trace\USB_DEVICE\Target\usbd_conf.h
2022-11-03 13:38:10,366 [INFO] CodeEngine:245 - oldGeneratedFile, E:\stm32\STM32IDE_FreeRTOS_workspace\ex01_using_SEGGER_trace\USB_DEVICE\Target\usbd_conf.c_save
2022-11-03 13:38:10,463 [INFO] CodeEngine:269 - Generated code: E:\stm32\STM32IDE_FreeRTOS_workspace\ex01_using_SEGGER_trace\USB_DEVICE\Target\usbd_conf.c
2022-11-03 13:38:10,479 [INFO] CodeEngine:245 - oldGeneratedFile, E:\stm32\STM32IDE_FreeRTOS_workspace\ex01_using_SEGGER_trace\USB_DEVICE\App\usbd_desc.h_save
2022-11-03 13:38:10,546 [INFO] CodeEngine:269 - Generated code: E:\stm32\STM32IDE_FreeRTOS_workspace\ex01_using_SEGGER_trace\USB_DEVICE\App\usbd_desc.h
2022-11-03 13:38:10,562 [INFO] CodeEngine:245 - oldGeneratedFile, E:\stm32\STM32IDE_FreeRTOS_workspace\ex01_using_SEGGER_trace\USB_DEVICE\App\usbd_desc.c_save
2022-11-03 13:38:10,644 [INFO] CodeEngine:269 - Generated code: E:\stm32\STM32IDE_FreeRTOS_workspace\ex01_using_SEGGER_trace\USB_DEVICE\App\usbd_desc.c
2022-11-03 13:38:10,654 [INFO] CodeEngine:245 - oldGeneratedFile, E:\stm32\STM32IDE_FreeRTOS_workspace\ex01_using_SEGGER_trace\USB_DEVICE\App\usbd_cdc_if.h_save
2022-11-03 13:38:10,724 [INFO] CodeEngine:269 - Generated code: E:\stm32\STM32IDE_FreeRTOS_workspace\ex01_using_SEGGER_trace\USB_DEVICE\App\usbd_cdc_if.h
2022-11-03 13:38:10,739 [INFO] CodeEngine:245 - oldGeneratedFile, E:\stm32\STM32IDE_FreeRTOS_workspace\ex01_using_SEGGER_trace\USB_DEVICE\App\usbd_cdc_if.c_save
2022-11-03 13:38:10,819 [INFO] CodeEngine:269 - Generated code: E:\stm32\STM32IDE_FreeRTOS_workspace\ex01_using_SEGGER_trace\USB_DEVICE\App\usbd_cdc_if.c
2022-11-03 13:38:10,849 [INFO] CodeEngine:245 - oldGeneratedFile, E:\stm32\STM32IDE_FreeRTOS_workspace\ex01_using_SEGGER_trace\Core\Src\stm32f4xx_it.c_save
2022-11-03 13:38:10,947 [INFO] CodeEngine:269 - Generated code: E:\stm32\STM32IDE_FreeRTOS_workspace\ex01_using_SEGGER_trace\Core\Src\stm32f4xx_it.c
2022-11-03 13:38:10,957 [INFO] CodeEngine:245 - oldGeneratedFile, E:\stm32\STM32IDE_FreeRTOS_workspace\ex01_using_SEGGER_trace\Core\Inc\stm32f4xx_it.h_save
2022-11-03 13:38:11,031 [INFO] CodeEngine:269 - Generated code: E:\stm32\STM32IDE_FreeRTOS_workspace\ex01_using_SEGGER_trace\Core\Inc\stm32f4xx_it.h
2022-11-03 13:38:11,073 [INFO] CodeEngine:245 - oldGeneratedFile, E:\stm32\STM32IDE_FreeRTOS_workspace\ex01_using_SEGGER_trace\Core\Src\stm32f4xx_hal_msp.c_save
2022-11-03 13:38:11,177 [INFO] CodeEngine:269 - Generated code: E:\stm32\STM32IDE_FreeRTOS_workspace\ex01_using_SEGGER_trace\Core\Src\stm32f4xx_hal_msp.c
2022-11-03 13:38:11,186 [INFO] CodeEngine:245 - oldGeneratedFile, E:\stm32\STM32IDE_FreeRTOS_workspace\ex01_using_SEGGER_trace\MXTmpFiles\system.tmp_save
2022-11-03 13:38:11,252 [INFO] CodeEngine:269 - Generated code: E:\stm32\STM32IDE_FreeRTOS_workspace\ex01_using_SEGGER_trace\MXTmpFiles\system.tmp
2022-11-03 13:38:11,268 [INFO] CodeEngine:245 - oldGeneratedFile, E:\stm32\STM32IDE_FreeRTOS_workspace\ex01_using_SEGGER_trace\Core\Src\stm32f4xx_hal_timebase_tim.c_save
2022-11-03 13:38:11,344 [INFO] CodeEngine:269 - Generated code: E:\stm32\STM32IDE_FreeRTOS_workspace\ex01_using_SEGGER_trace\Core\Src\stm32f4xx_hal_timebase_tim.c
2022-11-03 13:38:11,363 [INFO] CodeEngine:245 - oldGeneratedFile, E:\stm32\STM32IDE_FreeRTOS_workspace\ex01_using_SEGGER_trace\Core\Inc\stm32f4xx_hal_conf.h_save
2022-11-03 13:38:11,455 [INFO] CodeEngine:269 - Generated code: E:\stm32\STM32IDE_FreeRTOS_workspace\ex01_using_SEGGER_trace\Core\Inc\stm32f4xx_hal_conf.h
2022-11-03 13:38:11,510 [INFO] CodeEngine:245 - oldGeneratedFile, E:\stm32\STM32IDE_FreeRTOS_workspace\ex01_using_SEGGER_trace\Core\Inc\main.h_save
2022-11-03 13:38:11,598 [INFO] CodeEngine:269 - Generated code: E:\stm32\STM32IDE_FreeRTOS_workspace\ex01_using_SEGGER_trace\Core\Inc\main.h
2022-11-03 13:38:11,614 [INFO] CodeEngine:245 - oldGeneratedFile, E:\stm32\STM32IDE_FreeRTOS_workspace\ex01_using_SEGGER_trace\Core\Src\main.c_save
2022-11-03 13:38:11,769 [INFO] CodeEngine:269 - Generated code: E:\stm32\STM32IDE_FreeRTOS_workspace\ex01_using_SEGGER_trace\Core\Src\main.c
2022-11-03 13:38:12,758 [INFO] ProjectBuilder:2919 - Time for Copy HAL[1] : 433mS.
2022-11-03 13:38:12,777 [INFO] ProjectBuilder:4117 - Project Generator version: 3.17.1
2022-11-03 13:38:13,194 [INFO] ConfigFileManager:1394 - The Die is : DIE423
2022-11-03 13:38:13,205 [INFO] ApiDbMcu:505 - Load IP Config File for FATFS
2022-11-03 13:38:13,217 [INFO] ApiDbMcu:505 - Load IP Config File for FREERTOS
2022-11-03 13:38:13,226 [INFO] ApiDbMcu:505 - Load IP Config File for LIBJPEG
2022-11-03 13:38:13,239 [INFO] ApiDbMcu:505 - Load IP Config File for MBEDTLS
2022-11-03 13:38:13,250 [INFO] ApiDbMcu:505 - Load IP Config File for USB_HOST
2022-11-03 13:38:16,553 [INFO] ProjectBuilder:4285 - Time for Generating toolchain IDE Files: 3776mS.
2022-11-03 13:38:16,554 [INFO] ProjectBuilder:2790 - Time for Copy CMSIS : 1mS.
2022-11-03 13:38:16,559 [INFO] ProjectBuilder:2790 - Time for Copy CMSIS : 0mS.
2022-11-03 13:45:32,016 [INFO] Activator:177 - 


2022-11-03 13:45:32,017 [INFO] Activator:178 - !SESSION log4j initialized
2022-11-03 13:45:57,621 [ERROR] LogOutputStream:74 - [STDERR_REDIRECT] SLF4J: Failed to load class "org.slf4j.impl.StaticLoggerBinder".
2022-11-03 13:45:57,622 [ERROR] LogOutputStream:74 - [STDERR_REDIRECT] SLF4J: Defaulting to no-operation (NOP) logger implementation
2022-11-03 13:45:57,624 [ERROR] LogOutputStream:74 - [STDERR_REDIRECT] SLF4J: See http://www.slf4j.org/codes.html#StaticLoggerBinder for further details.
2022-11-03 13:46:30,617 [INFO] Activator:177 - 


2022-11-03 13:46:30,618 [INFO] Activator:178 - !SESSION log4j initialized
2022-11-03 13:46:58,271 [ERROR] LogOutputStream:74 - [STDERR_REDIRECT] SLF4J: Failed to load class "org.slf4j.impl.StaticLoggerBinder".
2022-11-03 13:46:58,272 [ERROR] LogOutputStream:74 - [STDERR_REDIRECT] SLF4J: Defaulting to no-operation (NOP) logger implementation
2022-11-03 13:46:58,276 [ERROR] LogOutputStream:74 - [STDERR_REDIRECT] SLF4J: See http://www.slf4j.org/codes.html#StaticLoggerBinder for further details.
